# JRE version: Java(TM) SE Runtime Environment (8.0_192-b12) (build 1.8.0_192-b12)
# Java VM: Java HotSpot(TM) 64-Bit Server VM (25.192-b12 mixed mode windows-amd64 compressed oops)
Heap:
 PSYoungGen      total 290304K, used 240324K [0x00000000d5f00000, 0x00000000ebe80000, 0x0000000100000000)
  eden space 231424K, 91% used [0x00000000d5f00000,0x00000000e2cdb6f8,0x00000000e4100000)
  from space 58880K, 50% used [0x00000000e4100000,0x00000000e5dd5a20,0x00000000e7a80000)
  to   space 57344K, 0% used [0x00000000e8680000,0x00000000e8680000,0x00000000ebe80000)
 ParOldGen       total 302592K, used 93897K [0x0000000081c00000, 0x0000000094380000, 0x00000000d5f00000)
  object space 302592K, 31% used [0x0000000081c00000,0x00000000877b2550,0x0000000094380000)
 Metaspace       used 97633K, capacity 109285K, committed 109568K, reserved 1142784K
  class space    used 12374K, capacity 15574K, committed 15616K, reserved 1048576K
GC Heap History (10 events):
Event: 57.920 GC heap before
{Heap before GC invocations=23 (full 4):
 PSYoungGen      total 253440K, used 196096K [0x00000000d5f00000, 0x00000000ea980000, 0x0000000100000000)
  eden space 196096K, 100% used [0x00000000d5f00000,0x00000000e1e80000,0x00000000e1e80000)
  from space 57344K, 0% used [0x00000000e6000000,0x00000000e6000000,0x00000000e9800000)
  to   space 67072K, 0% used [0x00000000e1e80000,0x00000000e1e80000,0x00000000e6000000)
 ParOldGen       total 302592K, used 93857K [0x0000000081c00000, 0x0000000094380000, 0x00000000d5f00000)
  object space 302592K, 31% used [0x0000000081c00000,0x00000000877a8550,0x0000000094380000)
 Metaspace       used 90396K, capacity 102047K, committed 102272K, reserved 1136640K
  class space    used 11561K, capacity 14716K, committed 14720K, reserved 1048576K
Event: 57.942 GC heap after
Heap after GC invocations=23 (full 4):
 PSYoungGen      total 263168K, used 8701K [0x00000000d5f00000, 0x00000000eb680000, 0x0000000100000000)
  eden space 196096K, 0% used [0x00000000d5f00000,0x00000000d5f00000,0x00000000e1e80000)
  from space 67072K, 12% used [0x00000000e1e80000,0x00000000e26ff448,0x00000000e6000000)
  to   space 66048K, 0% used [0x00000000e7600000,0x00000000e7600000,0x00000000eb680000)
 ParOldGen       total 302592K, used 93865K [0x0000000081c00000, 0x0000000094380000, 0x00000000d5f00000)
  object space 302592K, 31% used [0x0000000081c00000,0x00000000877aa550,0x0000000094380000)
 Metaspace       used 90396K, capacity 102047K, committed 102272K, reserved 1136640K
  class space    used 11561K, capacity 14716K, committed 14720K, reserved 1048576K
}
Event: 79.640 GC heap before
{Heap before GC invocations=24 (full 4):
 PSYoungGen      total 263168K, used 204797K [0x00000000d5f00000, 0x00000000eb680000, 0x0000000100000000)
  eden space 196096K, 100% used [0x00000000d5f00000,0x00000000e1e80000,0x00000000e1e80000)
  from space 67072K, 12% used [0x00000000e1e80000,0x00000000e26ff448,0x00000000e6000000)
  to   space 66048K, 0% used [0x00000000e7600000,0x00000000e7600000,0x00000000eb680000)
 ParOldGen       total 302592K, used 93865K [0x0000000081c00000, 0x0000000094380000, 0x00000000d5f00000)
  object space 302592K, 31% used [0x0000000081c00000,0x00000000877aa550,0x0000000094380000)
 Metaspace       used 95014K, capacity 106557K, committed 106880K, reserved 1140736K
  class space    used 12244K, capacity 15380K, committed 15488K, reserved 1048576K
Event: 79.661 GC heap after
Heap after GC invocations=24 (full 4):
 PSYoungGen      total 272384K, used 15278K [0x00000000d5f00000, 0x00000000ead80000, 0x0000000100000000)
  eden space 215552K, 0% used [0x00000000d5f00000,0x00000000d5f00000,0x00000000e3180000)
  from space 56832K, 26% used [0x00000000e7600000,0x00000000e84eb8b0,0x00000000ead80000)
  to   space 63488K, 0% used [0x00000000e3180000,0x00000000e3180000,0x00000000e6f80000)
 ParOldGen       total 302592K, used 93873K [0x0000000081c00000, 0x0000000094380000, 0x00000000d5f00000)
  object space 302592K, 31% used [0x0000000081c00000,0x00000000877ac550,0x0000000094380000)
 Metaspace       used 95014K, capacity 106557K, committed 106880K, reserved 1140736K
  class space    used 12244K, capacity 15380K, committed 15488K, reserved 1048576K
}
Event: 82.682 GC heap before
{Heap before GC invocations=25 (full 4):
 PSYoungGen      total 272384K, used 230830K [0x00000000d5f00000, 0x00000000ead80000, 0x0000000100000000)
  eden space 215552K, 100% used [0x00000000d5f00000,0x00000000e3180000,0x00000000e3180000)
  from space 56832K, 26% used [0x00000000e7600000,0x00000000e84eb8b0,0x00000000ead80000)
  to   space 63488K, 0% used [0x00000000e3180000,0x00000000e3180000,0x00000000e6f80000)
 ParOldGen       total 302592K, used 93873K [0x0000000081c00000, 0x0000000094380000, 0x00000000d5f00000)
  object space 302592K, 31% used [0x0000000081c00000,0x00000000877ac550,0x0000000094380000)
 Metaspace       used 95754K, capacity 107369K, committed 107648K, reserved 1140736K
  class space    used 12280K, capacity 15434K, committed 15488K, reserved 1048576K
Event: 82.721 GC heap after
Heap after GC invocations=25 (full 4):
 PSYoungGen      total 279040K, used 20804K [0x00000000d5f00000, 0x00000000eba80000, 0x0000000100000000)
  eden space 215552K, 0% used [0x00000000d5f00000,0x00000000d5f00000,0x00000000e3180000)
  from space 63488K, 32% used [0x00000000e3180000,0x00000000e45d1070,0x00000000e6f80000)
  to   space 60416K, 0% used [0x00000000e7f80000,0x00000000e7f80000,0x00000000eba80000)
 ParOldGen       total 302592K, used 93881K [0x0000000081c00000, 0x0000000094380000, 0x00000000d5f00000)
  object space 302592K, 31% used [0x0000000081c00000,0x00000000877ae550,0x0000000094380000)
 Metaspace       used 95754K, capacity 107369K, committed 107648K, reserved 1140736K
  class space    used 12280K, capacity 15434K, committed 15488K, reserved 1048576K
}
Event: 121.824 GC heap before
{Heap before GC invocations=26 (full 4):
 PSYoungGen      total 279040K, used 236356K [0x00000000d5f00000, 0x00000000eba80000, 0x0000000100000000)
  eden space 215552K, 100% used [0x00000000d5f00000,0x00000000e3180000,0x00000000e3180000)
  from space 63488K, 32% used [0x00000000e3180000,0x00000000e45d1070,0x00000000e6f80000)
  to   space 60416K, 0% used [0x00000000e7f80000,0x00000000e7f80000,0x00000000eba80000)
 ParOldGen       total 302592K, used 93881K [0x0000000081c00000, 0x0000000094380000, 0x00000000d5f00000)
  object space 302592K, 31% used [0x0000000081c00000,0x00000000877ae550,0x0000000094380000)
 Metaspace       used 96487K, capacity 107987K, committed 108160K, reserved 1142784K
  class space    used 12299K, capacity 15477K, committed 15488K, reserved 1048576K
Event: 121.879 GC heap after
Heap after GC invocations=26 (full 4):
 PSYoungGen      total 285184K, used 29480K [0x00000000d5f00000, 0x00000000eb400000, 0x0000000100000000)
  eden space 231424K, 0% used [0x00000000d5f00000,0x00000000d5f00000,0x00000000e4100000)
  from space 53760K, 54% used [0x00000000e7f80000,0x00000000e9c4a2c8,0x00000000eb400000)
  to   space 58880K, 0% used [0x00000000e4100000,0x00000000e4100000,0x00000000e7a80000)
 ParOldGen       total 302592K, used 93889K [0x0000000081c00000, 0x0000000094380000, 0x00000000d5f00000)
  object space 302592K, 31% used [0x0000000081c00000,0x00000000877b0550,0x0000000094380000)
 Metaspace       used 96487K, capacity 107987K, committed 108160K, reserved 1142784K
  class space    used 12299K, capacity 15477K, committed 15488K, reserved 1048576K
}
Event: 141.751 GC heap before
{Heap before GC invocations=27 (full 4):
 PSYoungGen      total 285184K, used 260904K [0x00000000d5f00000, 0x00000000eb400000, 0x0000000100000000)
  eden space 231424K, 100% used [0x00000000d5f00000,0x00000000e4100000,0x00000000e4100000)
  from space 53760K, 54% used [0x00000000e7f80000,0x00000000e9c4a2c8,0x00000000eb400000)
  to   space 58880K, 0% used [0x00000000e4100000,0x00000000e4100000,0x00000000e7a80000)
 ParOldGen       total 302592K, used 93889K [0x0000000081c00000, 0x0000000094380000, 0x00000000d5f00000)
  object space 302592K, 31% used [0x0000000081c00000,0x00000000877b0550,0x0000000094380000)
 Metaspace       used 97137K, capacity 108705K, committed 109056K, reserved 1142784K
  class space    used 12328K, capacity 15500K, committed 15616K, reserved 1048576K
Event: 141.786 GC heap after
Heap after GC invocations=27 (full 4):
 PSYoungGen      total 290304K, used 29526K [0x00000000d5f00000, 0x00000000ebe80000, 0x0000000100000000)
  eden space 231424K, 0% used [0x00000000d5f00000,0x00000000d5f00000,0x00000000e4100000)
  from space 58880K, 50% used [0x00000000e4100000,0x00000000e5dd5a20,0x00000000e7a80000)
  to   space 57344K, 0% used [0x00000000e8680000,0x00000000e8680000,0x00000000ebe80000)
 ParOldGen       total 302592K, used 93897K [0x0000000081c00000, 0x0000000094380000, 0x00000000d5f00000)
  object space 302592K, 31% used [0x0000000081c00000,0x00000000877b2550,0x0000000094380000)
 Metaspace       used 97137K, capacity 108705K, committed 109056K, reserved 1142784K
  class space    used 12328K, capacity 15500K, committed 15616K, reserved 1048576K
}

